[24-May-2017 09:13:15 UTC] PHP Fatal error:  Uncaught exception 'PDOException' with message 'could not find driver' in /home/ubuntu/workspace/php-mysql-lesson/booklist.php:5
Stack trace:
#0 /home/ubuntu/workspace/php-mysql-lesson/booklist.php(5): PDO->__construct('musql:host=loca...', 'root', '')
#1 {main}
  thrown in /home/ubuntu/workspace/php-mysql-lesson/booklist.php on line 5
[24-May-2017 09:13:15 UTC] PHP Fatal error:  Uncaught exception 'PDOException' with message 'could not find driver' in /home/ubuntu/workspace/php-mysql-lesson/booklist.php:5
Stack trace:
#0 /home/ubuntu/workspace/php-mysql-lesson/booklist.php(5): PDO->__construct('musql:host=loca...', 'root', '')
#1 {main}
  thrown in /home/ubuntu/workspace/php-mysql-lesson/booklist.php on line 5
[24-May-2017 09:13:35 UTC] PHP Fatal error:  Call to undefined function _r() in /home/ubuntu/workspace/php-mysql-lesson/booklist.php on line 10
[24-May-2017 09:13:35 UTC] PHP Stack trace:
[24-May-2017 09:13:35 UTC] PHP   1. {main}() /home/ubuntu/workspace/php-mysql-lesson/booklist.php:0
[24-May-2017 09:48:23 UTC] PHP Fatal error:  Call to a member function prepare() on a non-object in /home/ubuntu/workspace/php-mysql-lesson/booklist.php on line 11
[24-May-2017 09:48:23 UTC] PHP Stack trace:
[24-May-2017 09:48:23 UTC] PHP   1. {main}() /home/ubuntu/workspace/php-mysql-lesson/booklist.php:0
[24-May-2017 09:48:40 UTC] PHP Fatal error:  Call to a member function prepare() on a non-object in /home/ubuntu/workspace/php-mysql-lesson/booklist.php on line 11
[24-May-2017 09:48:40 UTC] PHP Stack trace:
[24-May-2017 09:48:40 UTC] PHP   1. {main}() /home/ubuntu/workspace/php-mysql-lesson/booklist.php:0
[24-May-2017 09:48:52 UTC] PHP Fatal error:  Call to a member function prepare() on a non-object in /home/ubuntu/workspace/php-mysql-lesson/booklist.php on line 11
[24-May-2017 09:48:52 UTC] PHP Stack trace:
[24-May-2017 09:48:52 UTC] PHP   1. {main}() /home/ubuntu/workspace/php-mysql-lesson/booklist.php:0
[24-May-2017 09:50:29 UTC] PHP Fatal error:  Call to a member function prepare() on a non-object in /home/ubuntu/workspace/php-mysql-lesson/booklist.php on line 11
[24-May-2017 09:50:29 UTC] PHP Stack trace:
[24-May-2017 09:50:29 UTC] PHP   1. {main}() /home/ubuntu/workspace/php-mysql-lesson/booklist.php:0
[24-May-2017 09:50:56 UTC] PHP Fatal error:  Call to a member function prepare() on a non-object in /home/ubuntu/workspace/php-mysql-lesson/booklist.php on line 11
[24-May-2017 09:50:56 UTC] PHP Stack trace:
[24-May-2017 09:50:56 UTC] PHP   1. {main}() /home/ubuntu/workspace/php-mysql-lesson/booklist.php:0
[24-May-2017 09:52:14 UTC] PHP Fatal error:  Call to a member function prepare() on a non-object in /home/ubuntu/workspace/php-mysql-lesson/booklist.php on line 11
[24-May-2017 09:52:14 UTC] PHP Stack trace:
[24-May-2017 09:52:14 UTC] PHP   1. {main}() /home/ubuntu/workspace/php-mysql-lesson/booklist.php:0
[24-May-2017 09:54:06 UTC] PHP Fatal error:  Call to a member function prepare() on a non-object in /home/ubuntu/workspace/php-mysql-lesson/booklist.php on line 11
[24-May-2017 09:54:06 UTC] PHP Stack trace:
[24-May-2017 09:54:06 UTC] PHP   1. {main}() /home/ubuntu/workspace/php-mysql-lesson/booklist.php:0
[24-May-2017 09:55:42 UTC] PHP Fatal error:  Call to a member function prepare() on a non-object in /home/ubuntu/workspace/php-mysql-lesson/booklist.php on line 11
[24-May-2017 09:55:42 UTC] PHP Stack trace:
[24-May-2017 09:55:42 UTC] PHP   1. {main}() /home/ubuntu/workspace/php-mysql-lesson/booklist.php:0
[24-May-2017 09:59:34 UTC] PHP Fatal error:  Call to a member function prepare() on a non-object in /home/ubuntu/workspace/php-mysql-lesson/booklist.php on line 11
[24-May-2017 09:59:34 UTC] PHP Stack trace:
[24-May-2017 09:59:34 UTC] PHP   1. {main}() /home/ubuntu/workspace/php-mysql-lesson/booklist.php:0
